\BOOKMARK [1][-]{section*.1}{\376\377\000I\000n\000t\000r\000o\000d\000u\000c\000t\000i\000o\000n}{}% 1
\BOOKMARK [1][-]{section*.2}{\376\377\000P\000r\000e\000l\000i\000m\000i\000n\000a\000r\000i\000e\000s}{}% 2
\BOOKMARK [2][-]{section*.3}{\376\377\000C\000o\000m\000p\000u\000t\000a\000t\000i\000o\000n\000a\000l\000\040\000C\000o\000m\000p\000l\000e\000x\000i\000t\000y}{section*.2}% 3
\BOOKMARK [2][-]{section*.4}{\376\377\000Q\000u\000a\000n\000t\000u\000m\000\040\000C\000o\000m\000p\000u\000t\000i\000n\000g}{section*.2}% 4
\BOOKMARK [2][-]{section*.5}{\376\377\000I\000s\000i\000n\000g\000\040\000M\000o\000d\000e\000l\000s}{section*.2}% 5
\BOOKMARK [1][-]{section*.6}{\376\377\000N\000P\000-\000H\000a\000r\000d\000\040\000P\000r\000o\000b\000l\000e\000m\000s\000\040\000C\000o\000n\000s\000i\000d\000e\000r\000e\000d}{}% 6
\BOOKMARK [2][-]{section*.7}{\376\377\000M\000a\000x\000i\000m\000u\000m\000\040\000C\000u\000t\000\040\000\050\000M\000a\000x\000-\000C\000u\000t\000\051}{section*.6}% 7
\BOOKMARK [2][-]{section*.9}{\376\377\000N\000u\000m\000b\000e\000r\000\040\000P\000a\000r\000t\000i\000t\000i\000o\000n\000i\000n\000g\000\040\000\050\000N\000P\000P\000\051}{section*.6}% 8
\BOOKMARK [1][-]{section*.10}{\376\377\000Q\000u\000a\000n\000t\000u\000m\000\040\000A\000p\000p\000r\000o\000x\000i\000m\000a\000t\000e\000\040\000O\000p\000t\000i\000m\000i\000s\000a\000t\000i\000o\000n\000\040\000A\000l\000g\000o\000r\000i\000t\000h\000m\000\040\000\050\000Q\000A\000O\000A\000\051}{}% 9
\BOOKMARK [2][-]{section*.11}{\376\377\000A\000p\000p\000l\000y\000i\000n\000g\000\040\000Q\000A\000O\000A\000\040\000t\000o\000\040\000N\000u\000m\000b\000e\000r\000\040\000P\000a\000r\000t\000i\000t\000i\000o\000n\000i\000n\000g}{section*.10}% 10
\BOOKMARK [2][-]{section*.13}{\376\377\000M\000u\000l\000t\000i\000-\000A\000n\000g\000l\000e\000\040\000Q\000A\000O\000A\000\040\000\050\000M\000A\000Q\000A\000O\000A\000\051}{section*.10}% 11
\BOOKMARK [2][-]{section*.14}{\376\377\000e\000X\000p\000r\000e\000s\000s\000i\000v\000e\000\040\000Q\000A\000O\000A\000\040\000\050\000X\000Q\000A\000O\000A\000\051}{section*.10}% 12
\BOOKMARK [1][-]{section*.15}{\376\377\000S\000i\000m\000u\000l\000a\000t\000i\000o\000n\000s}{}% 13
\BOOKMARK [2][-]{section*.16}{\376\377\000M\000e\000t\000h\000o\000d\000s}{section*.15}% 14
\BOOKMARK [2][-]{section*.17}{\376\377\000R\000e\000s\000u\000l\000t\000s}{section*.15}% 15
\BOOKMARK [1][-]{section*.18}{\376\377\000D\000i\000s\000c\000u\000s\000s\000i\000o\000n}{}% 16
\BOOKMARK [2][-]{section*.20}{\376\377\000A\000n\000s\000a\000t\000z\000\040\000C\000o\000n\000s\000i\000d\000e\000r\000a\000t\000i\000o\000n\000s}{section*.18}% 17
\BOOKMARK [2][-]{section*.22}{\376\377\000P\000h\000a\000s\000e\000\040\000T\000r\000a\000n\000s\000i\000t\000i\000o\000n}{section*.18}% 18
\BOOKMARK [1][-]{section*.23}{\376\377\000F\000u\000t\000u\000r\000e\000\040\000D\000i\000r\000e\000c\000t\000i\000o\000n\000s}{}% 19
\BOOKMARK [1][-]{section*.24}{\376\377\000A\000c\000k\000n\000o\000w\000l\000e\000d\000g\000e\000m\000e\000n\000t\000s}{}% 20
\BOOKMARK [1][-]{section*.25}{\376\377\000R\000e\000f\000e\000r\000e\000n\000c\000e\000s}{}% 21
